{
  "numFailedTestSuites": 0,
  "numFailedTests": 0,
  "numPassedTestSuites": 1,
  "numPassedTests": 2,
  "numPendingTestSuites": 0,
  "numPendingTests": 0,
  "numRuntimeErrorTestSuites": 0,
  "numTodoTests": 0,
  "numTotalTestSuites": 1,
  "numTotalTests": 2,
  "openHandles": [],
  "snapshot": {
    "added": 0,
    "didUpdate": false,
    "failure": false,
    "filesAdded": 0,
    "filesRemoved": 0,
    "filesRemovedList": [],
    "filesUnmatched": 0,
    "filesUpdated": 0,
    "matched": 0,
    "total": 0,
    "unchecked": 0,
    "uncheckedKeysByFile": [],
    "unmatched": 0,
    "updated": 0
  },
  "startTime": 1630713844445,
  "success": false,
  "testResults": [
    {
      "leaks": false,
      "numFailingTests": 0,
      "numPassingTests": 2,
      "numPendingTests": 0,
      "numTodoTests": 0,
      "openHandles": [],
      "perfStats": {
        "end": 1630713845742,
        "runtime": 799,
        "slow": false,
        "start": 1630713844943
      },
      "skipped": false,
      "snapshot": {
        "added": 0,
        "fileDeleted": false,
        "matched": 0,
        "unchecked": 0,
        "uncheckedKeys": [],
        "unmatched": 0,
        "updated": 0
      },
      "testFilePath": "/root/assessments/hatchways_word_scramble/client/src/components/tests/App.test.js",
      "testResults": [
        {
          "ancestorTitles": [
            "App Component"
          ],
          "duration": 49,
          "failureDetails": [],
          "failureMessages": [],
          "fullName": "App Component initializes the game with a score of zero",
          "invocations": 1,
          "location": null,
          "numPassingAsserts": 0,
          "status": "passed",
          "title": "initializes the game with a score of zero"
        },
        {
          "ancestorTitles": [
            "App Component"
          ],
          "duration": 75,
          "failureDetails": [],
          "failureMessages": [],
          "fullName": "App Component contains a table component",
          "invocations": 1,
          "location": null,
          "numPassingAsserts": 0,
          "status": "passed",
          "title": "contains a table component"
        }
      ],
      "failureMessage": null
    }
  ],
  "wasInterrupted": false
}